stratum_bmv2 -device_id=1 -chassis_config_file=/tmp/leaf1/chassis-config.txt -forwarding_pipeline_configs_file=/tmp/leaf1/pipe.txt -persistent_config_dir=/tmp/leaf1 -initial_pipeline=/root/dummy.json -cpu_port=255 -external_stratum_urls=0.0.0.0:50001 -local_stratum_url=localhost:48477 -max_num_controllers_per_node=10 -write_req_log_file=/tmp/leaf1/write-reqs.txt -logtosyslog=false -logtostderr=true -bmv2_log_level=warn

--------------------------------------------------------------------------------

E0401 11:03:57.664618   142 main.cc:121] Starting bmv2 simple_switch and waiting for P4 pipeline
W0401 11:03:57.668013   142 credentials_manager.cc:45] Using insecure server credentials
I0401 11:03:57.668241   142 timer_daemon.cc:90] The timer daemon has been started.
I0401 11:03:57.668295   142 hal.cc:128] Setting up HAL in COLDBOOT mode...
I0401 11:03:57.668352   142 config_monitoring_service.cc:90] Pushing the saved chassis config read from /tmp/leaf1/chassis-config.txt...
I0401 11:03:57.682102   142 bmv2_chassis_manager.cc:476] Registered port status callbacks successfully for node 1.
I0401 11:03:57.682153   142 bmv2_chassis_manager.cc:61] Adding port 1 to node 1
I0401 11:03:57.724825   142 bmv2_chassis_manager.cc:61] Adding port 2 to node 1
I0401 11:03:57.760205   142 bmv2_chassis_manager.cc:61] Adding port 3 to node 1
I0401 11:03:57.805352   142 bmv2_chassis_manager.cc:61] Adding port 4 to node 1
I0401 11:03:57.844542   142 bmv2_chassis_manager.cc:61] Adding port 5 to node 1
I0401 11:03:57.876302   142 bmv2_chassis_manager.cc:61] Adding port 6 to node 1
I0401 11:03:57.913925   180 bmv2_chassis_manager.cc:409] State of port 1 in node 1: UP.
I0401 11:03:57.913975   180 bmv2_chassis_manager.cc:409] State of port 2 in node 1: UP.
I0401 11:03:57.913983   180 bmv2_chassis_manager.cc:409] State of port 4 in node 1: UP.
I0401 11:03:57.913990   180 bmv2_chassis_manager.cc:409] State of port 5 in node 1: UP.
I0401 11:03:57.913996   180 bmv2_chassis_manager.cc:409] State of port 6 in node 1: UP.
I0401 11:03:57.920977   142 p4_service.cc:119] Pushing the saved forwarding pipeline configs read from /tmp/leaf1/pipe.txt...
E0401 11:03:57.921027   142 utils.cc:109] StratumErrorSpace::ERR_FILE_NOT_FOUND: /tmp/leaf1/pipe.txt not found.
E0401 11:03:57.921274   142 utils.cc:65] Return Error: ReadFileToString(filename, &text) failed with StratumErrorSpace::ERR_FILE_NOT_FOUND: /tmp/leaf1/pipe.txt not found.
W0401 11:03:57.921283   142 p4_service.cc:128] No saved forwarding pipeline config found at /tmp/leaf1/pipe.txt. This is normal when the switch is just installed and no master controller is connected yet.
E0401 11:03:57.921943576     142 server_chttp2.cc:40]        {"created":"@1617275037.921915859","description":"Only 1 addresses added out of total 2 resolved","file":"external/com_github_grpc_grpc/src/core/ext/transport/chttp2/server/chttp2_server.cc","file_line":406,"referenced_errors":[{"created":"@1617275037.921913669","description":"Address family not supported by protocol","errno":97,"file":"external/com_github_grpc_grpc/src/core/lib/iomgr/socket_utils_common_posix.cc","file_line":420,"os_error":"Address family not supported by protocol","syscall":"socket","target_address":"[::1]:48477"}]}
E0401 11:03:57.922047   142 hal.cc:223] Stratum external facing services are listening to 0.0.0.0:50001, localhost:48477...
I0401 11:03:58.714871   180 bmv2_chassis_manager.cc:409] State of port 3 in node 1: UP.
